Base path: /Applications/Unity/Hub/Editor/2018.4.9f1/Unity.app/Contents
Cmd: initializeCompiler
Cmd: compileComputeKernel
  api=14 insize=10881 outsize=11453 ok=1
Cmd: compileComputeKernel
  api=14 insize=4855 outsize=10993 ok=1
Cmd: translateComputeKernel
  api=14 insize=5397 outsize=7573 ok=1
Cmd: compileComputeKernel
  api=14 insize=18299 outsize=11489 ok=1
Cmd: translateComputeKernel
  api=14 insize=9953 outsize=16885 ok=1
Cmd: compileComputeKernel
  api=14 insize=1957 outsize=1997 ok=1
Cmd: compileComputeKernel
  api=14 insize=2044 outsize=1505 ok=1
Cmd: initializeCompiler
Cmd: initializeCompiler
Cmd: initializeCompiler
Cmd: initializeCompiler
Cmd: initializeCompiler
Cmd: initializeCompiler
Cmd: initializeCompiler
Cmd: initializeCompiler

Quitting shader compiler process
